This is pdfTeX, Version 3.14159265-2.6-1.40.21 (MiKTeX 2.9.7300 64-bit) (preloaded format=pdflatex 2020.2.7)  26 MAR 2020 13:03
entering extended mode
**"C:/Users/redfox/Google Drive/Imperial Year 4/4. M4N10 Computational PDEs/3. 
Coursework/CW2/report/Proj2_01199397.tex"

("C:/Users/redfox/Google Drive/Imperial Year 4/4. M4N10 Computational PDEs/3. C
oursework/CW2/report/Proj2_01199397.tex"
LaTeX2e <2020-02-02>
L3 programming layer <2020-02-03>
("C:\Users\redfox\AppData\Local\Programs\MiKTeX 2.9\tex/latex/base\article.cls"
Document Class: article 2019/12/20 v1.4l Standard LaTeX document class
("C:\Users\redfox\AppData\Local\Programs\MiKTeX 2.9\tex/latex/base\size12.clo"
File: size12.clo 2019/12/20 v1.4l Standard LaTeX file (size option)
)
\c@part=\count167
\c@section=\count168
\c@subsection=\count169
\c@subsubsection=\count170
\c@paragraph=\count171
\c@subparagraph=\count172
\c@figure=\count173
\c@table=\count174
\abovecaptionskip=\skip47
\belowcaptionskip=\skip48
\bibindent=\dimen134
)
("C:\Users\redfox\AppData\Local\Programs\MiKTeX 2.9\tex/latex/geometry\geometry
.sty"
Package: geometry 2020/01/02 v5.9 Page Geometry

("C:\Users\redfox\AppData\Local\Programs\MiKTeX 2.9\tex/latex/graphics\keyval.s
ty"
Package: keyval 2014/10/28 v1.15 key=value parser (DPC)
\KV@toks@=\toks14
)
("C:\Users\redfox\AppData\Local\Programs\MiKTeX 2.9\tex/generic/iftex\ifvtex.st
y"
Package: ifvtex 2019/10/25 v1.7 ifvtex legacy package. Use iftex instead.

("C:\Users\redfox\AppData\Local\Programs\MiKTeX 2.9\tex/generic/iftex\iftex.sty
"
Package: iftex 2019/11/07 v1.0c TeX engine tests
))
\Gm@cnth=\count175
\Gm@cntv=\count176
\c@Gm@tempcnt=\count177
\Gm@bindingoffset=\dimen135
\Gm@wd@mp=\dimen136
\Gm@odd@mp=\dimen137
\Gm@even@mp=\dimen138
\Gm@layoutwidth=\dimen139
\Gm@layoutheight=\dimen140
\Gm@layouthoffset=\dimen141
\Gm@layoutvoffset=\dimen142
\Gm@dimlist=\toks15

("C:\Users\redfox\AppData\Local\Programs\MiKTeX 2.9\tex/latex/geometry\geometry
.cfg"))
("C:\Users\redfox\AppData\Local\Programs\MiKTeX 2.9\tex/latex/amsfonts\amsfonts
.sty"
Package: amsfonts 2013/01/14 v3.01 Basic AMSFonts support
\@emptytoks=\toks16
\symAMSa=\mathgroup4
\symAMSb=\mathgroup5
LaTeX Font Info:    Redeclaring math symbol \hbar on input line 98.
LaTeX Font Info:    Overwriting math alphabet `\mathfrak' in version `bold'
(Font)                  U/euf/m/n --> U/euf/b/n on input line 106.
)
("C:\Users\redfox\AppData\Local\Programs\MiKTeX 2.9\tex/latex/amsmath\amsmath.s
ty"
Package: amsmath 2020/01/20 v2.17e AMS math features
\@mathmargin=\skip49

For additional information on amsmath, use the `?' option.

("C:\Users\redfox\AppData\Local\Programs\MiKTeX 2.9\tex/latex/amsmath\amstext.s
ty"
Package: amstext 2000/06/29 v2.01 AMS text

("C:\Users\redfox\AppData\Local\Programs\MiKTeX 2.9\tex/latex/amsmath\amsgen.st
y"
File: amsgen.sty 1999/11/30 v2.0 generic functions
\@emptytoks=\toks17
\ex@=\dimen143
))
("C:\Users\redfox\AppData\Local\Programs\MiKTeX 2.9\tex/latex/amsmath\amsbsy.st
y"
Package: amsbsy 1999/11/29 v1.2d Bold Symbols
\pmbraise@=\dimen144
)
("C:\Users\redfox\AppData\Local\Programs\MiKTeX 2.9\tex/latex/amsmath\amsopn.st
y"
Package: amsopn 2016/03/08 v2.02 operator names
)
\inf@bad=\count178
LaTeX Info: Redefining \frac on input line 227.
\uproot@=\count179
\leftroot@=\count180
LaTeX Info: Redefining \overline on input line 389.
\classnum@=\count181
\DOTSCASE@=\count182
LaTeX Info: Redefining \ldots on input line 486.
LaTeX Info: Redefining \dots on input line 489.
LaTeX Info: Redefining \cdots on input line 610.
\Mathstrutbox@=\box45
\strutbox@=\box46
\big@size=\dimen145
LaTeX Font Info:    Redeclaring font encoding OML on input line 733.
LaTeX Font Info:    Redeclaring font encoding OMS on input line 734.
\macc@depth=\count183
\c@MaxMatrixCols=\count184
\dotsspace@=\muskip16
\c@parentequation=\count185
\dspbrk@lvl=\count186
\tag@help=\toks18
\row@=\count187
\column@=\count188
\maxfields@=\count189
\andhelp@=\toks19
\eqnshift@=\dimen146
\alignsep@=\dimen147
\tagshift@=\dimen148
\tagwidth@=\dimen149
\totwidth@=\dimen150
\lineht@=\dimen151
\@envbody=\toks20
\multlinegap=\skip50
\multlinetaggap=\skip51
\mathdisplay@stack=\toks21
LaTeX Info: Redefining \[ on input line 2859.
LaTeX Info: Redefining \] on input line 2860.
)
("C:\Users\redfox\AppData\Local\Programs\MiKTeX 2.9\tex/latex/jknappen\mathrsfs
.sty"
Package: mathrsfs 1996/01/01 Math RSFS package v1.0 (jk)
\symrsfs=\mathgroup6
)
("C:\Users\redfox\AppData\Local\Programs\MiKTeX 2.9\tex/latex/parskip\parskip.s
ty"
Package: parskip 2020-01-22 v2.0d non-zero parskip adjustments

("C:\Users\redfox\AppData\Local\Programs\MiKTeX 2.9\tex/latex/kvoptions\kvoptio
ns.sty"
Package: kvoptions 2019/11/29 v3.13 Key value format for package options (HO)

("C:\Users\redfox\AppData\Local\Programs\MiKTeX 2.9\tex/generic/ltxcmds\ltxcmds
.sty"
Package: ltxcmds 2019/12/15 v1.24 LaTeX kernel commands for general use (HO)
)
("C:\Users\redfox\AppData\Local\Programs\MiKTeX 2.9\tex/generic/kvsetkeys\kvset
keys.sty"
Package: kvsetkeys 2019/12/15 v1.18 Key value parser (HO)
))
("C:\Users\redfox\AppData\Local\Programs\MiKTeX 2.9\tex/latex/etoolbox\etoolbox
.sty"
Package: etoolbox 2019/09/21 v2.5h e-TeX tools for LaTeX (JAW)
\etb@tempcnta=\count190
))
("C:\Users\redfox\AppData\Local\Programs\MiKTeX 2.9\tex/latex/graphics\graphicx
.sty"
Package: graphicx 2019/11/30 v1.2a Enhanced LaTeX Graphics (DPC,SPQR)

("C:\Users\redfox\AppData\Local\Programs\MiKTeX 2.9\tex/latex/graphics\graphics
.sty"
Package: graphics 2019/11/30 v1.4a Standard LaTeX Graphics (DPC,SPQR)

("C:\Users\redfox\AppData\Local\Programs\MiKTeX 2.9\tex/latex/graphics\trig.sty
"
Package: trig 2016/01/03 v1.10 sin cos tan (DPC)
)
("C:\Users\redfox\AppData\Local\Programs\MiKTeX 2.9\tex/latex/graphics-cfg\grap
hics.cfg"
File: graphics.cfg 2016/06/04 v1.11 sample graphics configuration
)
Package graphics Info: Driver file: pdftex.def on input line 105.

("C:\Users\redfox\AppData\Local\Programs\MiKTeX 2.9\tex/latex/graphics-def\pdft
ex.def"
File: pdftex.def 2018/01/08 v1.0l Graphics/color driver for pdftex
))
\Gin@req@height=\dimen152
\Gin@req@width=\dimen153
)
("C:\Users\redfox\AppData\Local\Programs\MiKTeX 2.9\tex/latex/booktabs\booktabs
.sty"
Package: booktabs 2020/01/12 v1.61803398 Publication quality tables
\heavyrulewidth=\dimen154
\lightrulewidth=\dimen155
\cmidrulewidth=\dimen156
\belowrulesep=\dimen157
\belowbottomsep=\dimen158
\aboverulesep=\dimen159
\abovetopsep=\dimen160
\cmidrulesep=\dimen161
\cmidrulekern=\dimen162
\defaultaddspace=\dimen163
\@cmidla=\count191
\@cmidlb=\count192
\@aboverulesep=\dimen164
\@belowrulesep=\dimen165
\@thisruleclass=\count193
\@lastruleclass=\count194
\@thisrulewidth=\dimen166
)
("C:\Users\redfox\AppData\Local\Programs\MiKTeX 2.9\tex/latex/algorithm2e\algor
ithm2e.sty"
Package: algorithm2e 2017/07/18 v5.2 algorithms environments
\c@AlgoLine=\count195

("C:\Users\redfox\AppData\Local\Programs\MiKTeX 2.9\tex/latex/base\ifthen.sty"
Package: ifthen 2014/09/29 v1.1c Standard LaTeX ifthen package (DPC)
)
\algocf@hangindent=\skip52

("C:\Users\redfox\AppData\Local\Programs\MiKTeX 2.9\tex/latex/ifoddpage\ifoddpa
ge.sty"
Package: ifoddpage 2016/04/23 v1.1 Conditionals for odd/even page detection
\c@checkoddpage=\count196
)
("C:\Users\redfox\AppData\Local\Programs\MiKTeX 2.9\tex/latex/tools\xspace.sty"
Package: xspace 2014/10/28 v1.13 Space after command names (DPC,MH)
)
("C:\Users\redfox\AppData\Local\Programs\MiKTeX 2.9\tex/latex/relsize\relsize.s
ty"
Package: relsize 2013/03/29 ver 4.1
)
\skiptotal=\skip53
\skiplinenumber=\skip54
\skiprule=\skip55
\skiphlne=\skip56
\skiptext=\skip57
\skiplength=\skip58
\algomargin=\skip59
\skipalgocfslide=\skip60
\algowidth=\dimen167
\inoutsize=\dimen168
\inoutindent=\dimen169
\interspacetitleruled=\dimen170
\interspacealgoruled=\dimen171
\interspacetitleboxruled=\dimen172
\algocf@ruledwidth=\skip61
\algocf@inoutbox=\box47
\algocf@inputbox=\box48
\AlCapSkip=\skip62
\AlCapHSkip=\skip63
\algoskipindent=\skip64
\algocf@nlbox=\box49
\algocf@hangingbox=\box50
\algocf@untilbox=\box51
\algocf@skipuntil=\skip65
\algocf@capbox=\box52
\algocf@lcaptionbox=\skip66
\algoheightruledefault=\skip67
\algoheightrule=\skip68
\algotitleheightruledefault=\skip69
\algotitleheightrule=\skip70
\c@algocfline=\count197
\c@algocfproc=\count198
\c@algocf=\count199
\algocf@algoframe=\box53
\algocf@algobox=\box54
)
("C:\Users\redfox\AppData\Local\Programs\MiKTeX 2.9\tex/latex/l3backend\l3backe
nd-pdfmode.def"
File: l3backend-pdfmode.def 2020-02-03 L3 backend support: PDF mode
\l__kernel_color_stack_int=\count266
\l__pdf_internal_box=\box55
) (Proj2_01199397.aux)
\openout1 = `Proj2_01199397.aux'.

LaTeX Font Info:    Checking defaults for OML/cmm/m/it on input line 21.
LaTeX Font Info:    ... okay on input line 21.
LaTeX Font Info:    Checking defaults for OMS/cmsy/m/n on input line 21.
LaTeX Font Info:    ... okay on input line 21.
LaTeX Font Info:    Checking defaults for OT1/cmr/m/n on input line 21.
LaTeX Font Info:    ... okay on input line 21.
LaTeX Font Info:    Checking defaults for T1/cmr/m/n on input line 21.
LaTeX Font Info:    ... okay on input line 21.
LaTeX Font Info:    Checking defaults for TS1/cmr/m/n on input line 21.
LaTeX Font Info:    ... okay on input line 21.
LaTeX Font Info:    Checking defaults for OMX/cmex/m/n on input line 21.
LaTeX Font Info:    ... okay on input line 21.
LaTeX Font Info:    Checking defaults for U/cmr/m/n on input line 21.
LaTeX Font Info:    ... okay on input line 21.

*geometry* driver: auto-detecting
*geometry* detected driver: pdftex
*geometry* verbose mode - [ preamble ] result:
* driver: pdftex
* paper: a4paper
* layout: <same size as paper>
* layoutoffset:(h,v)=(0.0pt,0.0pt)
* modes: 
* h-part:(L,W,R)=(63.87643pt, 469.75499pt, 63.87645pt)
* v-part:(T,H,B)=(77.84674pt, 650.43pt, 116.77011pt)
* \paperwidth=597.50787pt
* \paperheight=845.04684pt
* \textwidth=469.75499pt
* \textheight=650.43pt
* \oddsidemargin=-8.39355pt
* \evensidemargin=-8.39355pt
* \topmargin=-31.42325pt
* \headheight=12.0pt
* \headsep=25.0pt
* \topskip=12.0pt
* \footskip=30.0pt
* \marginparwidth=44.0pt
* \marginparsep=10.0pt
* \columnsep=10.0pt
* \skip\footins=10.8pt plus 4.0pt minus 2.0pt
* \hoffset=0.0pt
* \voffset=0.0pt
* \mag=1000
* \@twocolumnfalse
* \@twosidefalse
* \@mparswitchfalse
* \@reversemarginfalse
* (1in=72.27pt=25.4mm, 1cm=28.453pt)


("C:\Users\redfox\AppData\Local\Programs\MiKTeX 2.9\tex/context/base/mkii\supp-
pdf.mkii"
[Loading MPS to PDF converter (version 2006.09.02).]
\scratchcounter=\count267
\scratchdimen=\dimen173
\scratchbox=\box56
\nofMPsegments=\count268
\nofMParguments=\count269
\everyMPshowfont=\toks22
\MPscratchCnt=\count270
\MPscratchDim=\dimen174
\MPnumerator=\count271
\makeMPintoPDFobject=\count272
\everyMPtoPDFconversion=\toks23
)
("C:\Users\redfox\AppData\Local\Programs\MiKTeX 2.9\tex/latex/epstopdf-pkg\epst
opdf-base.sty"
Package: epstopdf-base 2020-01-24 v2.11 Base part for package epstopdf
Package epstopdf-base Info: Redefining graphics rule for `.eps' on input line 4
85.
)
LaTeX Font Info:    Trying to load font information for U+msa on input line 23.


("C:\Users\redfox\AppData\Local\Programs\MiKTeX 2.9\tex/latex/amsfonts\umsa.fd"
File: umsa.fd 2013/01/14 v3.01 AMS symbols A
)
LaTeX Font Info:    Trying to load font information for U+msb on input line 23.

 ("C:\Users\redfox\AppData\Local\Programs\MiKTeX 2.9\tex/latex/amsfonts\umsb.fd
"
File: umsb.fd 2013/01/14 v3.01 AMS symbols B
)
LaTeX Font Info:    Trying to load font information for U+rsfs on input line 23
.

("C:\Users\redfox\AppData\Local\Programs\MiKTeX 2.9\tex/latex/jknappen\ursfs.fd
"
File: ursfs.fd 1998/03/24 rsfs font definition file (jk)
) [1

{C:/Users/redfox/AppData/Local/MiKTeX/2.9/pdftex/config/pdftex.map}]
[2] [3]
<../figures/fig1.01.png, id=22, 794.97pt x 433.62pt>
File: ../figures/fig1.01.png Graphic file (type png)
<use ../figures/fig1.01.png>
Package pdftex.def Info: ../figures/fig1.01.png  used on input line 140.
(pdftex.def)             Requested size: 469.75499pt x 256.23718pt.
<../figures/fig1.02.png, id=24, 794.97pt x 433.62pt>
File: ../figures/fig1.02.png Graphic file (type png)
<use ../figures/fig1.02.png>
Package pdftex.def Info: ../figures/fig1.02.png  used on input line 141.
(pdftex.def)             Requested size: 469.75499pt x 256.23718pt.
<../figures/fig1.03.png, id=25, 794.97pt x 433.62pt>
File: ../figures/fig1.03.png Graphic file (type png)
<use ../figures/fig1.03.png>
Package pdftex.def Info: ../figures/fig1.03.png  used on input line 142.
(pdftex.def)             Requested size: 469.75499pt x 256.23718pt.
 [4 <../figures/fig1.01.png> <../figures/fig1.02.png>] [5 <../figures/fig1.03.p
ng>]
<../figures/fig1.04.png, id=35, 794.97pt x 433.62pt>
File: ../figures/fig1.04.png Graphic file (type png)
<use ../figures/fig1.04.png>
Package pdftex.def Info: ../figures/fig1.04.png  used on input line 151.
(pdftex.def)             Requested size: 469.75499pt x 256.23718pt.
 [6 <../figures/fig1.04.png>]
<../figures/fig1.05.png, id=40, 794.97pt x 433.62pt>
File: ../figures/fig1.05.png Graphic file (type png)
<use ../figures/fig1.05.png>
Package pdftex.def Info: ../figures/fig1.05.png  used on input line 162.
(pdftex.def)             Requested size: 469.75499pt x 256.23718pt.
<../figures/fig1.06.png, id=41, 794.97pt x 433.62pt>
File: ../figures/fig1.06.png Graphic file (type png)
<use ../figures/fig1.06.png>
Package pdftex.def Info: ../figures/fig1.06.png  used on input line 163.
(pdftex.def)             Requested size: 469.75499pt x 256.23718pt.
<../figures/fig1.07.png, id=42, 1084.05pt x 1084.05pt>
File: ../figures/fig1.07.png Graphic file (type png)
<use ../figures/fig1.07.png>
Package pdftex.def Info: ../figures/fig1.07.png  used on input line 164.
(pdftex.def)             Requested size: 469.75499pt x 469.75496pt.
 [7 <../figures/fig1.05.png> <../figures/fig1.06.png>] [8 <../figures/fig1.07.p
ng>]
<../figures/fig1.09.png, id=53, 794.97pt x 433.62pt>
File: ../figures/fig1.09.png Graphic file (type png)
<use ../figures/fig1.09.png>
Package pdftex.def Info: ../figures/fig1.09.png  used on input line 192.
(pdftex.def)             Requested size: 469.75499pt x 256.23718pt.
<../figures/fig1.10.png, id=54, 794.97pt x 433.62pt>
File: ../figures/fig1.10.png Graphic file (type png)
<use ../figures/fig1.10.png>
Package pdftex.def Info: ../figures/fig1.10.png  used on input line 193.
(pdftex.def)             Requested size: 469.75499pt x 256.23718pt.
<../figures/fig1.11.png, id=55, 794.97pt x 433.62pt>
File: ../figures/fig1.11.png Graphic file (type png)
<use ../figures/fig1.11.png>
Package pdftex.def Info: ../figures/fig1.11.png  used on input line 194.
(pdftex.def)             Requested size: 469.75499pt x 256.23718pt.
 [9 <../figures/fig1.09.png> <../figures/fig1.10.png>] [10 <../figures/fig1.11.
png>]
<../figures/fig2.01.png, id=65, 794.97pt x 433.62pt>
File: ../figures/fig2.01.png Graphic file (type png)
<use ../figures/fig2.01.png>
Package pdftex.def Info: ../figures/fig2.01.png  used on input line 206.
(pdftex.def)             Requested size: 469.75499pt x 256.23718pt.
<../figures/fig2.02.png, id=66, 794.97pt x 433.62pt>
File: ../figures/fig2.02.png Graphic file (type png)
<use ../figures/fig2.02.png>
Package pdftex.def Info: ../figures/fig2.02.png  used on input line 216.
(pdftex.def)             Requested size: 469.75499pt x 256.23718pt.
 [11 <../figures/fig2.01.png>] [12 <../figures/fig2.02.png>] [13] [14]
<../figures/fig3.01.png, id=82, 794.97pt x 433.62pt>
File: ../figures/fig3.01.png Graphic file (type png)
<use ../figures/fig3.01.png>
Package pdftex.def Info: ../figures/fig3.01.png  used on input line 294.
(pdftex.def)             Requested size: 469.75499pt x 256.23718pt.
<../figures/fig3.02.png, id=83, 794.97pt x 433.62pt>
File: ../figures/fig3.02.png Graphic file (type png)
<use ../figures/fig3.02.png>
Package pdftex.def Info: ../figures/fig3.02.png  used on input line 295.
(pdftex.def)             Requested size: 469.75499pt x 256.23718pt.
<../figures/fig3.03.png, id=84, 794.97pt x 433.62pt>
File: ../figures/fig3.03.png Graphic file (type png)
<use ../figures/fig3.03.png>
Package pdftex.def Info: ../figures/fig3.03.png  used on input line 299.
(pdftex.def)             Requested size: 469.75499pt x 256.23718pt.
<../figures/fig3.04.png, id=85, 794.97pt x 433.62pt>
File: ../figures/fig3.04.png Graphic file (type png)
<use ../figures/fig3.04.png>
Package pdftex.def Info: ../figures/fig3.04.png  used on input line 300.
(pdftex.def)             Requested size: 469.75499pt x 256.23718pt.
 [15 <../figures/fig3.01.png> <../figures/fig3.02.png>]
<../figures/fig3.05.png, id=91, 794.97pt x 433.62pt>
File: ../figures/fig3.05.png Graphic file (type png)
<use ../figures/fig3.05.png>
Package pdftex.def Info: ../figures/fig3.05.png  used on input line 306.
(pdftex.def)             Requested size: 469.75499pt x 256.23718pt.
 [16 <../figures/fig3.03.png> <../figures/fig3.04.png>]
[17 <../figures/fig3.05.png>] [18]
<../figures/fig4.01.png, id=106, 794.97pt x 433.62pt>
File: ../figures/fig4.01.png Graphic file (type png)
<use ../figures/fig4.01.png>
Package pdftex.def Info: ../figures/fig4.01.png  used on input line 341.
(pdftex.def)             Requested size: 469.75499pt x 256.23718pt.
<../figures/fig4.02.png, id=107, 794.97pt x 433.62pt>
File: ../figures/fig4.02.png Graphic file (type png)
<use ../figures/fig4.02.png>
Package pdftex.def Info: ../figures/fig4.02.png  used on input line 342.
(pdftex.def)             Requested size: 469.75499pt x 256.23718pt.
 [19 <../figures/fig4.01.png> <../figures/fig4.02.png>]
<../figures/fig4.03.png, id=114, 794.97pt x 433.62pt>
File: ../figures/fig4.03.png Graphic file (type png)
<use ../figures/fig4.03.png>
Package pdftex.def Info: ../figures/fig4.03.png  used on input line 349.
(pdftex.def)             Requested size: 469.75499pt x 256.23718pt.
<../figures/fig4.04.png, id=115, 794.97pt x 433.62pt>
File: ../figures/fig4.04.png Graphic file (type png)
<use ../figures/fig4.04.png>
Package pdftex.def Info: ../figures/fig4.04.png  used on input line 353.
(pdftex.def)             Requested size: 469.75499pt x 256.23718pt.
 [20 <../figures/fig4.03.png>] [21 <../figures/fig4.04.png>]
(Proj2_01199397.aux) ) 
Here is how much of TeX's memory you used:
 4324 strings out of 481531
 65250 string characters out of 2912102
 320412 words of memory out of 3000000
 19499 multiletter control sequences out of 15000+200000
 543565 words of font info for 69 fonts, out of 3000000 for 9000
 1141 hyphenation exceptions out of 8191
 30i,10n,33p,980b,193s stack positions out of 5000i,500n,10000p,200000b,50000s
 <C:\Users\redfox\AppData\Local\MiKTeX\2.9\fonts/pk/ljfou
r/jknappen/ec/dpi600\tcrm1200.pk><C:/Users/redfox/AppData/Local/Programs/MiKTeX
 2.9/fonts/type1/public/amsfonts/cm/cmbx12.pfb><C:/Users/redfox/AppData/Local/P
rograms/MiKTeX 2.9/fonts/type1/public/amsfonts/cm/cmex10.pfb><C:/Users/redfox/A
ppData/Local/Programs/MiKTeX 2.9/fonts/type1/public/amsfonts/cm/cmmi12.pfb><C:/
Users/redfox/AppData/Local/Programs/MiKTeX 2.9/fonts/type1/public/amsfonts/cm/c
mmi8.pfb><C:/Users/redfox/AppData/Local/Programs/MiKTeX 2.9/fonts/type1/public/
amsfonts/cm/cmr12.pfb><C:/Users/redfox/AppData/Local/Programs/MiKTeX 2.9/fonts/
type1/public/amsfonts/cm/cmr6.pfb><C:/Users/redfox/AppData/Local/Programs/MiKTe
X 2.9/fonts/type1/public/amsfonts/cm/cmr8.pfb><C:/Users/redfox/AppData/Local/Pr
ograms/MiKTeX 2.9/fonts/type1/public/amsfonts/cm/cmsy10.pfb><C:/Users/redfox/Ap
pData/Local/Programs/MiKTeX 2.9/fonts/type1/public/amsfonts/cm/cmsy8.pfb><C:/Us
ers/redfox/AppData/Local/Programs/MiKTeX 2.9/fonts/type1/public/amsfonts/cm/cmt
i12.pfb><C:/Users/redfox/AppData/Local/Programs/MiKTeX 2.9/fonts/type1/public/a
msfonts/cm/cmtt12.pfb><C:/Users/redfox/AppData/Local/Programs/MiKTeX 2.9/fonts/
type1/public/rsfs/rsfs10.pfb>
Output written on Proj2_01199397.pdf (21 pages, 801056 bytes).
PDF statistics:
 166 PDF objects out of 1000 (max. 8388607)
 0 named destinations out of 1000 (max. 500000)
 106 words of extra memory for PDF output out of 10000 (max. 10000000)

